*** Lista de Processos ***
------------
PID: 1
Tempo de chegada: 0
Burst Time: 10
Tempo de saida: 10
Tempo de execucao: 10
Tempo de espera: 0
------------
PID: 2
Tempo de chegada: 2
Burst Time: 10
Tempo de saida: 20
Tempo de execucao: 10
Tempo de espera: 8
------------
PID: 3
Tempo de chegada: 3
Burst Time: 40
Tempo de saida: 60
Tempo de execucao: 40
Tempo de espera: 17
------------
PID: 4
Tempo de chegada: 10
Burst Time: 10
Tempo de saida: 70
Tempo de execucao: 10
Tempo de espera: 50

*** Descrição da execução ***
Processo 1 chegou no tempo 0
-> Processo 1 executando...
Processo 2 chegou no tempo 2
Processo 3 chegou no tempo 3
Processo 4 chegou no tempo 10
O processo 1 terminou de executar no tempo 10 e gastou 10 ut

-> Processo 2 executando...
O processo 2 terminou de executar no tempo 20 e gastou 10 ut

-> Processo 3 executando...
O processo 3 terminou de executar no tempo 60 e gastou 40 ut

-> Processo 4 executando...
O processo 4 terminou de executar no tempo 70 e gastou 10 ut

 
*** Estatisticas do escalonador ***
Utilizacao da cpu: 100.0%
Throughput: 17.0
Quantidade de processos: 4
Tempo gasto para a execucao do algoritmo: 70
Delay de troca de contexto: 0
